29 dec 12:57:03,971  
##############################################################
##############################################################
################TEST CLASS HASAORSORDERTESTS STARTS#################
##############################################################
##############################################################

29 dec 12:57:04,035  
****************************************************************
**************TEST CASE, startHasaOrsOrder, STARTS**************
29 dec 12:57:05,942  COMMONTESTSTEPS login 
29 dec 12:57:05,943  LOGINPAGE fieldNameBadgeInsert 
29 dec 12:58:18,003  LOGINPAGE buttonSignInClick 
29 dec 12:58:58,282  
--------------ERROR MESSGE:--------------
No element 'By.id: ctl00_LogInButton' was found

--------------STACK TRACE:--------------

29 dec 12:58:58,282  java.lang.RuntimeException: No element 'By.id: ctl00_LogInButton' was found

	at sp.safsp.seleniumelementmanagement.FindElement.waitForElement(FindElement.java:113)
	at sp.safsp.seleniumelementmanagement.FindElement.waitForElementById(FindElement.java:46)
	at sp.safsp.seleniumelementmanagement.ClickElement.clickAnElementById(ClickElement.java:19)
	at sp.safsp.pagemanagement.LogInPage.buttonSignInClick(LogInPage.java:15)
	at sp.safsp.commontestmanagement.CommonTestSteps.login(CommonTestSteps.java:23)
	at sp.safsp.testrulesmanagement.TestRuleTestCaseLevel$1.evaluate(TestRuleTestCaseLevel.java:43)
	at org.junit.rules.RunRules.evaluate(RunRules.java:20)
	at org.junit.runners.ParentRunner.runLeaf(ParentRunner.java:325)
	at org.junit.runners.BlockJUnit4ClassRunner.runChild(BlockJUnit4ClassRunner.java:76)
	at org.junit.runners.BlockJUnit4ClassRunner.runChild(BlockJUnit4ClassRunner.java:55)
	at org.junit.runners.ParentRunner$3.run(ParentRunner.java:290)
	at org.junit.runners.ParentRunner$1.schedule(ParentRunner.java:71)
	at org.junit.runners.ParentRunner.runChildren(ParentRunner.java:288)
	at org.junit.runners.ParentRunner.access$000(ParentRunner.java:58)
	at org.junit.runners.ParentRunner$2.evaluate(ParentRunner.java:268)
	at sp.safsp.testrulesmanagement.TestRuleTestClassLevel$1.evaluate(TestRuleTestClassLevel.java:29)
	at org.junit.rules.RunRules.evaluate(RunRules.java:20)
	at org.junit.runners.ParentRunner.run(ParentRunner.java:363)
	at org.apache.maven.surefire.junit4.JUnit4Provider.execute(JUnit4Provider.java:236)
	at org.apache.maven.surefire.junit4.JUnit4Provider.executeTestSet(JUnit4Provider.java:134)
	at org.apache.maven.surefire.junit4.JUnit4Provider.invoke(JUnit4Provider.java:113)
	at sun.reflect.NativeMethodAccessorImpl.invoke0(Native Method)
	at sun.reflect.NativeMethodAccessorImpl.invoke(NativeMethodAccessorImpl.java:39)
	at sun.reflect.DelegatingMethodAccessorImpl.invoke(DelegatingMethodAccessorImpl.java:25)
	at java.lang.reflect.Method.invoke(Method.java:597)
	at org.apache.maven.surefire.util.ReflectionUtils.invokeMethodWithArray(ReflectionUtils.java:189)
	at org.apache.maven.surefire.booter.ProviderFactory$ProviderProxy.invoke(ProviderFactory.java:165)
	at org.apache.maven.surefire.booter.ProviderFactory.invokeProvider(ProviderFactory.java:85)
	at org.apache.maven.surefire.booter.ForkedBooter.runSuitesInProcess(ForkedBooter.java:103)
	at org.apache.maven.surefire.booter.ForkedBooter.main(ForkedBooter.java:74)
Caused by: org.openqa.selenium.TimeoutException: Timed out after 30 seconds waiting for sp.safsp.seleniumelementmanagement.FindElement$1@6f7cf6b6
System info: os.name: 'Windows 7', os.arch: 'amd64', os.version: '6.1', java.version: '1.6.0_45'
Driver info: driver.version: unknown
	at org.openqa.selenium.support.ui.FluentWait.timeoutException(FluentWait.java:259)
	at org.openqa.selenium.support.ui.FluentWait.until(FluentWait.java:228)
	at sp.safsp.seleniumelementmanagement.FindElement.waitForElement(FindElement.java:110)
	... 29 more
Caused by: org.openqa.selenium.NoSuchWindowException: Unable to find element on closed window (WARNING: The server did not provide any stacktrace information)
System info: os.name: 'Windows 7', os.arch: 'amd64', os.version: '6.1', java.version: '1.6.0_45'
Driver info: driver.version: RemoteWebDriver
	at sun.reflect.GeneratedConstructorAccessor12.newInstance(Unknown Source)
	at sun.reflect.DelegatingConstructorAccessorImpl.newInstance(DelegatingConstructorAccessorImpl.java:27)
	at java.lang.reflect.Constructor.newInstance(Constructor.java:513)
	at org.openqa.selenium.remote.ErrorHandler.createThrowable(ErrorHandler.java:131)
	at org.openqa.selenium.remote.ErrorHandler.throwIfResponseFailed(ErrorHandler.java:110)
	at org.openqa.selenium.remote.RemoteWebDriver.execute(RemoteWebDriver.java:395)
	at org.openqa.selenium.remote.RemoteWebDriver.findElement(RemoteWebDriver.java:183)
	at org.openqa.selenium.remote.RemoteWebDriver.findElementById(RemoteWebDriver.java:200)
	at org.openqa.selenium.By$1.findElement(By.java:66)
	at org.openqa.selenium.remote.RemoteWebDriver.findElement(RemoteWebDriver.java:175)
	at sp.safsp.seleniumelementmanagement.FindElement$1.apply(FindElement.java:87)
	at sp.safsp.seleniumelementmanagement.FindElement$1.apply(FindElement.java:83)
	at org.openqa.selenium.support.ui.FluentWait.until(FluentWait.java:208)
	... 30 more

29 dec 12:58:58,811  SCREENSHOT getScreenShot  file:////C:\SAFSP\SafSP\screenshot\HasaOrsOrderTests\29_dec_2014_12_58_58_startHasaOrsOrder.pngC:\SAFSP\SafSP\screenshot\HasaOrsOrderTests\29_dec_2014_12_58_58_startHasaOrsOrder.png
29 dec 12:58:59,823  
****************************************************************
**************TEST CASE, STARTHASAORSORDER FAILED**************
***********************************************************

29 dec 12:58:59,823  
##############################################################
##############################################################
################TEST CLASS HASAORSORDERTESTS ENDS###############
##############################################################
##############################################################

30 dec 11:02:40,799  
##############################################################
##############################################################
################TEST CLASS HASAORSORDERTESTS STARTS#################
##############################################################
##############################################################

30 dec 11:02:41,090  
****************************************************************
**************TEST CASE, startHasaOrsOrder, STARTS**************
30 dec 11:02:50,366  
--------------ERROR MESSGE:--------------
null
--------------STACK TRACE:--------------

30 dec 11:02:50,366  java.lang.NullPointerException
	at sp.safsp.commonfunctionality.ReadInputDataFromFile.<init>(ReadInputDataFromFile.java:41)
	at sp.safsp.commonfunctionality.OtherFunctionality.<init>(OtherFunctionality.java:15)
	at sp.safsp.seleniumelementmanagement.FindElement.<init>(FindElement.java:30)
	at sp.safsp.seleniumelementmanagement.TextElement.<init>(TextElement.java:11)
	at sp.safsp.seleniumelementmanagement.ClickElement.<init>(ClickElement.java:13)
	at sp.safsp.seleniumelementmanagement.SendKeysToElement.<init>(SendKeysToElement.java:9)
	at sp.safsp.pagemanagement.LogInPage.<init>(LogInPage.java:8)
	at sp.safsp.pagemanagement.InstantiatePages.initiatePageInstances(InstantiatePages.java:12)
	at sp.safsp.seleniumdrivermanagement.SiteDriverManager.initiateSiteDriverAndPageInstance(SiteDriverManager.java:37)
	at sp.safsp.testrulesmanagement.TestRuleTestCaseLevel$1.evaluate(TestRuleTestCaseLevel.java:42)
	at org.junit.rules.RunRules.evaluate(RunRules.java:20)
	at org.junit.runners.ParentRunner.runLeaf(ParentRunner.java:325)
	at org.junit.runners.BlockJUnit4ClassRunner.runChild(BlockJUnit4ClassRunner.java:76)
	at org.junit.runners.BlockJUnit4ClassRunner.runChild(BlockJUnit4ClassRunner.java:55)
	at org.junit.runners.ParentRunner$3.run(ParentRunner.java:290)
	at org.junit.runners.ParentRunner$1.schedule(ParentRunner.java:71)
	at org.junit.runners.ParentRunner.runChildren(ParentRunner.java:288)
	at org.junit.runners.ParentRunner.access$000(ParentRunner.java:58)
	at org.junit.runners.ParentRunner$2.evaluate(ParentRunner.java:268)
	at sp.safsp.testrulesmanagement.TestRuleTestClassLevel$1.evaluate(TestRuleTestClassLevel.java:29)
	at org.junit.rules.RunRules.evaluate(RunRules.java:20)
	at org.junit.runners.ParentRunner.run(ParentRunner.java:363)
	at org.eclipse.jdt.internal.junit4.runner.JUnit4TestReference.run(JUnit4TestReference.java:50)
	at org.eclipse.jdt.internal.junit.runner.TestExecution.run(TestExecution.java:38)
	at org.eclipse.jdt.internal.junit.runner.RemoteTestRunner.runTests(RemoteTestRunner.java:467)
	at org.eclipse.jdt.internal.junit.runner.RemoteTestRunner.runTests(RemoteTestRunner.java:683)
	at org.eclipse.jdt.internal.junit.runner.RemoteTestRunner.run(RemoteTestRunner.java:390)
	at org.eclipse.jdt.internal.junit.runner.RemoteTestRunner.main(RemoteTestRunner.java:197)

30 dec 11:02:53,162  SCREENSHOT getScreenShot  file:////C:\SAFSP\SafEbba\screenshot\HasaOrsOrderTests\30_dec_2014_11_02_50_startHasaOrsOrder.pngC:\SAFSP\SafEbba\screenshot\HasaOrsOrderTests\30_dec_2014_11_02_50_startHasaOrsOrder.png
30 dec 11:02:54,198  
****************************************************************
**************TEST CASE, STARTHASAORSORDER FAILED**************
***********************************************************

30 dec 11:02:54,219  
##############################################################
##############################################################
################TEST CLASS HASAORSORDERTESTS ENDS###############
##############################################################
##############################################################

05 jan 16:17:36,330  
##############################################################
##############################################################
################TEST CLASS HASAORSORDERTESTS STARTS#################
##############################################################
##############################################################

05 jan 16:17:36,486  
****************************************************************
**************TEST CASE, startHasaOrsOrder, STARTS**************
05 jan 16:17:48,597  
--------------ERROR MESSGE:--------------
java.net.SocketException: Connection reset
System info: os.name: 'Windows 7', os.arch: 'amd64', os.version: '6.1', java.version: '1.6.0_45'
Driver info: driver.version: CreateDriver
--------------STACK TRACE:--------------

05 jan 16:17:48,597  org.openqa.selenium.WebDriverException: java.net.SocketException: Connection reset
System info: os.name: 'Windows 7', os.arch: 'amd64', os.version: '6.1', java.version: '1.6.0_45'
Driver info: driver.version: CreateDriver
	at org.openqa.selenium.remote.service.DriverCommandExecutor.execute(DriverCommandExecutor.java:75)
	at org.openqa.selenium.remote.RemoteWebDriver.execute(RemoteWebDriver.java:379)
	at org.openqa.selenium.remote.RemoteWebDriver.startSession(RemoteWebDriver.java:94)
	at org.openqa.selenium.ie.InternetExplorerDriver.run(InternetExplorerDriver.java:182)
	at org.openqa.selenium.ie.InternetExplorerDriver.<init>(InternetExplorerDriver.java:174)
	at org.openqa.selenium.ie.InternetExplorerDriver.<init>(InternetExplorerDriver.java:150)
	at sp.safsp.seleniumdrivermanagement.CreateDriver.createWebDriver(CreateDriver.java:65)
	at sp.safsp.seleniumdrivermanagement.SiteDriverManager.initiateSiteDriverAndPageInstance(SiteDriverManager.java:33)
	at sp.safsp.testrulesmanagement.TestRuleTestCaseLevel$1.evaluate(TestRuleTestCaseLevel.java:43)
	at org.junit.rules.RunRules.evaluate(RunRules.java:20)
	at org.junit.runners.ParentRunner.runLeaf(ParentRunner.java:325)
	at org.junit.runners.BlockJUnit4ClassRunner.runChild(BlockJUnit4ClassRunner.java:76)
	at org.junit.runners.BlockJUnit4ClassRunner.runChild(BlockJUnit4ClassRunner.java:55)
	at org.junit.runners.ParentRunner$3.run(ParentRunner.java:290)
	at org.junit.runners.ParentRunner$1.schedule(ParentRunner.java:71)
	at org.junit.runners.ParentRunner.runChildren(ParentRunner.java:288)
	at org.junit.runners.ParentRunner.access$000(ParentRunner.java:58)
	at org.junit.runners.ParentRunner$2.evaluate(ParentRunner.java:268)
	at sp.safsp.testrulesmanagement.TestRuleTestClassLevel$1.evaluate(TestRuleTestClassLevel.java:29)
	at org.junit.rules.RunRules.evaluate(RunRules.java:20)
	at org.junit.runners.ParentRunner.run(ParentRunner.java:363)
	at org.apache.maven.surefire.junit4.JUnit4Provider.execute(JUnit4Provider.java:283)
	at org.apache.maven.surefire.junit4.JUnit4Provider.executeWithRerun(JUnit4Provider.java:173)
	at org.apache.maven.surefire.junit4.JUnit4Provider.executeTestSet(JUnit4Provider.java:153)
	at org.apache.maven.surefire.junit4.JUnit4Provider.invoke(JUnit4Provider.java:128)
	at org.apache.maven.surefire.booter.ForkedBooter.invokeProviderInSameClassLoader(ForkedBooter.java:203)
	at org.apache.maven.surefire.booter.ForkedBooter.runSuitesInProcess(ForkedBooter.java:155)
	at org.apache.maven.surefire.booter.ForkedBooter.main(ForkedBooter.java:103)
Caused by: java.net.SocketException: Connection reset
	at java.net.SocketInputStream.read(SocketInputStream.java:168)
	at org.apache.http.impl.io.AbstractSessionInputBuffer.fillBuffer(AbstractSessionInputBuffer.java:149)
	at org.apache.http.impl.io.SocketInputBuffer.fillBuffer(SocketInputBuffer.java:110)
	at org.apache.http.impl.io.AbstractSessionInputBuffer.readLine(AbstractSessionInputBuffer.java:264)
	at org.apache.http.impl.conn.LoggingSessionInputBuffer.readLine(LoggingSessionInputBuffer.java:115)
	at org.apache.http.impl.conn.DefaultResponseParser.parseHead(DefaultResponseParser.java:98)
	at org.apache.http.impl.io.AbstractMessageParser.parse(AbstractMessageParser.java:252)
	at org.apache.http.impl.AbstractHttpClientConnection.receiveResponseHeader(AbstractHttpClientConnection.java:281)
	at org.apache.http.impl.conn.DefaultClientConnection.receiveResponseHeader(DefaultClientConnection.java:247)
	at org.apache.http.impl.conn.AbstractClientConnAdapter.receiveResponseHeader(AbstractClientConnAdapter.java:219)
	at org.apache.http.protocol.HttpRequestExecutor.doReceiveResponse(HttpRequestExecutor.java:298)
	at org.apache.http.protocol.HttpRequestExecutor.execute(HttpRequestExecutor.java:125)
	at org.apache.http.impl.client.DefaultRequestDirector.tryExecute(DefaultRequestDirector.java:645)
	at org.apache.http.impl.client.DefaultRequestDirector.execute(DefaultRequestDirector.java:464)
	at org.apache.http.impl.client.AbstractHttpClient.execute(AbstractHttpClient.java:820)
	at org.openqa.selenium.remote.HttpCommandExecutor.execute(HttpCommandExecutor.java:231)
	at org.openqa.selenium.remote.service.DriverCommandExecutor.execute(DriverCommandExecutor.java:66)
	... 27 more

05 jan 16:17:50,725  SCREENSHOT getScreenShot  file:////C:\SAFSP\SafEbba\screenshot\HasaOrsOrderTests\05_jan_2015_16_17_48_startHasaOrsOrder.pngC:\SAFSP\SafEbba\screenshot\HasaOrsOrderTests\05_jan_2015_16_17_48_startHasaOrsOrder.png
05 jan 16:17:50,740  
##############################################################
##############################################################
################TEST CLASS HASAORSORDERTESTS ENDS###############
##############################################################
##############################################################

05 jan 16:19:19,242  
##############################################################
##############################################################
################TEST CLASS HASAORSORDERTESTS STARTS#################
##############################################################
##############################################################

05 jan 16:19:19,321  
****************************************************************
**************TEST CASE, startHasaOrsOrder, STARTS**************
05 jan 16:19:23,337  
--------------ERROR MESSGE:--------------
null
--------------STACK TRACE:--------------

05 jan 16:19:23,337  java.lang.NullPointerException
	at commonFuncMgn.ReadInputDataFromFile.<init>(ReadInputDataFromFile.java:41)
	at commonFuncMgn.OtherFunctionality.<init>(OtherFunctionality.java:15)
	at sp.safsp.seleniumelementmanagement.FindElement.<init>(FindElement.java:31)
	at sp.safsp.seleniumelementmanagement.TextElement.<init>(TextElement.java:11)
	at sp.safsp.seleniumelementmanagement.ClickElement.<init>(ClickElement.java:13)
	at sp.safsp.seleniumelementmanagement.SendKeysToElement.<init>(SendKeysToElement.java:9)
	at sp.safsp.pagemanagement.LogInPage.<init>(LogInPage.java:8)
	at sp.safsp.pagemanagement.InstantiatePages.initiatePageInstances(InstantiatePages.java:12)
	at sp.safsp.seleniumdrivermanagement.SiteDriverManager.initiateSiteDriverAndPageInstance(SiteDriverManager.java:38)
	at sp.safsp.testrulesmanagement.TestRuleTestCaseLevel$1.evaluate(TestRuleTestCaseLevel.java:43)
	at org.junit.rules.RunRules.evaluate(RunRules.java:20)
	at org.junit.runners.ParentRunner.runLeaf(ParentRunner.java:325)
	at org.junit.runners.BlockJUnit4ClassRunner.runChild(BlockJUnit4ClassRunner.java:76)
	at org.junit.runners.BlockJUnit4ClassRunner.runChild(BlockJUnit4ClassRunner.java:55)
	at org.junit.runners.ParentRunner$3.run(ParentRunner.java:290)
	at org.junit.runners.ParentRunner$1.schedule(ParentRunner.java:71)
	at org.junit.runners.ParentRunner.runChildren(ParentRunner.java:288)
	at org.junit.runners.ParentRunner.access$000(ParentRunner.java:58)
	at org.junit.runners.ParentRunner$2.evaluate(ParentRunner.java:268)
	at sp.safsp.testrulesmanagement.TestRuleTestClassLevel$1.evaluate(TestRuleTestClassLevel.java:30)
	at org.junit.rules.RunRules.evaluate(RunRules.java:20)
	at org.junit.runners.ParentRunner.run(ParentRunner.java:363)
	at org.apache.maven.surefire.junit4.JUnit4Provider.execute(JUnit4Provider.java:283)
	at org.apache.maven.surefire.junit4.JUnit4Provider.executeWithRerun(JUnit4Provider.java:173)
	at org.apache.maven.surefire.junit4.JUnit4Provider.executeTestSet(JUnit4Provider.java:153)
	at org.apache.maven.surefire.junit4.JUnit4Provider.invoke(JUnit4Provider.java:128)
	at org.apache.maven.surefire.booter.ForkedBooter.invokeProviderInSameClassLoader(ForkedBooter.java:203)
	at org.apache.maven.surefire.booter.ForkedBooter.runSuitesInProcess(ForkedBooter.java:155)
	at org.apache.maven.surefire.booter.ForkedBooter.main(ForkedBooter.java:103)

05 jan 16:19:23,665  SCREENSHOT getScreenShot  file:////C:\SAFSP\SafEbba\screenshot\HasaOrsOrderTests\05_jan_2015_16_19_23_startHasaOrsOrder.pngC:\SAFSP\SafEbba\screenshot\HasaOrsOrderTests\05_jan_2015_16_19_23_startHasaOrsOrder.png
05 jan 16:19:24,710  
****************************************************************
**************TEST CASE, STARTHASAORSORDER FAILED**************
***********************************************************

05 jan 16:19:24,710  
##############################################################
##############################################################
################TEST CLASS HASAORSORDERTESTS ENDS###############
##############################################################
##############################################################

06 jan 14:08:44,545  
##############################################################
##############################################################
################TEST CLASS HASAORSORDERTESTS STARTS#################
##############################################################
##############################################################

06 jan 14:08:44,639  
****************************************************************
**************TEST CASE, startHasaOrsOrder, STARTS**************
06 jan 14:08:48,493  
--------------ERROR MESSGE:--------------
null
--------------STACK TRACE:--------------

06 jan 14:08:48,493  java.lang.NullPointerException
	at commonFuncMgn.ReadInputDataFromFile.<init>(ReadInputDataFromFile.java:43)
	at commonFuncMgn.OtherFunctionality.<init>(OtherFunctionality.java:17)
	at elementmanagement.FindElement.<init>(FindElement.java:32)
	at elementmanagement.TextElement.<init>(TextElement.java:12)
	at elementmanagement.ClickElement.<init>(ClickElement.java:15)
	at elementmanagement.SendKeysToElement.<init>(SendKeysToElement.java:10)
	at sp.safsp.pagemanagement.LogInPage.<init>(LogInPage.java:8)
	at sp.safsp.pagemanagement.InstantiatePages.initiatePageInstances(InstantiatePages.java:12)
	at sp.safsp.seleniumdrivermanagement.SiteDriverManager.initiateSiteDriverAndPageInstance(SiteDriverManager.java:38)
	at sp.safsp.testrulesmanagement.TestRuleTestCaseLevel$1.evaluate(TestRuleTestCaseLevel.java:44)
	at org.junit.rules.RunRules.evaluate(RunRules.java:20)
	at org.junit.runners.ParentRunner.runLeaf(ParentRunner.java:325)
	at org.junit.runners.BlockJUnit4ClassRunner.runChild(BlockJUnit4ClassRunner.java:76)
	at org.junit.runners.BlockJUnit4ClassRunner.runChild(BlockJUnit4ClassRunner.java:55)
	at org.junit.runners.ParentRunner$3.run(ParentRunner.java:290)
	at org.junit.runners.ParentRunner$1.schedule(ParentRunner.java:71)
	at org.junit.runners.ParentRunner.runChildren(ParentRunner.java:288)
	at org.junit.runners.ParentRunner.access$000(ParentRunner.java:58)
	at org.junit.runners.ParentRunner$2.evaluate(ParentRunner.java:268)
	at sp.safsp.testrulesmanagement.TestRuleTestClassLevel$1.evaluate(TestRuleTestClassLevel.java:31)
	at org.junit.rules.RunRules.evaluate(RunRules.java:20)
	at org.junit.runners.ParentRunner.run(ParentRunner.java:363)
	at org.apache.maven.surefire.junit4.JUnit4Provider.execute(JUnit4Provider.java:283)
	at org.apache.maven.surefire.junit4.JUnit4Provider.executeWithRerun(JUnit4Provider.java:173)
	at org.apache.maven.surefire.junit4.JUnit4Provider.executeTestSet(JUnit4Provider.java:153)
	at org.apache.maven.surefire.junit4.JUnit4Provider.invoke(JUnit4Provider.java:128)
	at org.apache.maven.surefire.booter.ForkedBooter.invokeProviderInSameClassLoader(ForkedBooter.java:203)
	at org.apache.maven.surefire.booter.ForkedBooter.runSuitesInProcess(ForkedBooter.java:155)
	at org.apache.maven.surefire.booter.ForkedBooter.main(ForkedBooter.java:103)

06 jan 14:08:49,461  SCREENSHOT getScreenShot  file:////C:\SAFSP\SafEbba\screenshot\HasaOrsOrderTests\06_jan_2015_14_08_48_startHasaOrsOrder.pngC:\SAFSP\SafEbba\screenshot\HasaOrsOrderTests\06_jan_2015_14_08_48_startHasaOrsOrder.png
06 jan 14:08:50,506  
****************************************************************
**************TEST CASE, STARTHASAORSORDER FAILED**************
***********************************************************

06 jan 14:08:50,539  
##############################################################
##############################################################
################TEST CLASS HASAORSORDERTESTS ENDS###############
##############################################################
##############################################################

06 jan 14:10:38,549  
##############################################################
##############################################################
################TEST CLASS HASAORSORDERTESTS STARTS#################
##############################################################
##############################################################

06 jan 14:10:38,627  
****************************************************************
**************TEST CASE, startHasaOrsOrder, STARTS**************
06 jan 14:10:41,093  
--------------ERROR MESSGE:--------------
null
--------------STACK TRACE:--------------

06 jan 14:10:41,093  java.lang.NullPointerException
	at commonFuncMgn.ReadInputDataFromFile.<init>(ReadInputDataFromFile.java:43)
	at commonFuncMgn.OtherFunctionality.<init>(OtherFunctionality.java:17)
	at elementmanagement.FindElement.<init>(FindElement.java:32)
	at elementmanagement.TextElement.<init>(TextElement.java:12)
	at elementmanagement.ClickElement.<init>(ClickElement.java:15)
	at elementmanagement.SendKeysToElement.<init>(SendKeysToElement.java:10)
	at sp.safsp.pagemanagement.LogInPage.<init>(LogInPage.java:8)
	at sp.safsp.pagemanagement.InstantiatePages.initiatePageInstances(InstantiatePages.java:12)
	at sp.safsp.seleniumdrivermanagement.SiteDriverManager.initiateSiteDriverAndPageInstance(SiteDriverManager.java:38)
	at sp.safsp.testrulesmanagement.TestRuleTestCaseLevel$1.evaluate(TestRuleTestCaseLevel.java:44)
	at org.junit.rules.RunRules.evaluate(RunRules.java:20)
	at org.junit.runners.ParentRunner.runLeaf(ParentRunner.java:325)
	at org.junit.runners.BlockJUnit4ClassRunner.runChild(BlockJUnit4ClassRunner.java:76)
	at org.junit.runners.BlockJUnit4ClassRunner.runChild(BlockJUnit4ClassRunner.java:55)
	at org.junit.runners.ParentRunner$3.run(ParentRunner.java:290)
	at org.junit.runners.ParentRunner$1.schedule(ParentRunner.java:71)
	at org.junit.runners.ParentRunner.runChildren(ParentRunner.java:288)
	at org.junit.runners.ParentRunner.access$000(ParentRunner.java:58)
	at org.junit.runners.ParentRunner$2.evaluate(ParentRunner.java:268)
	at sp.safsp.testrulesmanagement.TestRuleTestClassLevel$1.evaluate(TestRuleTestClassLevel.java:31)
	at org.junit.rules.RunRules.evaluate(RunRules.java:20)
	at org.junit.runners.ParentRunner.run(ParentRunner.java:363)
	at org.apache.maven.surefire.junit4.JUnit4Provider.execute(JUnit4Provider.java:283)
	at org.apache.maven.surefire.junit4.JUnit4Provider.executeWithRerun(JUnit4Provider.java:173)
	at org.apache.maven.surefire.junit4.JUnit4Provider.executeTestSet(JUnit4Provider.java:153)
	at org.apache.maven.surefire.junit4.JUnit4Provider.invoke(JUnit4Provider.java:128)
	at org.apache.maven.surefire.booter.ForkedBooter.invokeProviderInSameClassLoader(ForkedBooter.java:203)
	at org.apache.maven.surefire.booter.ForkedBooter.runSuitesInProcess(ForkedBooter.java:155)
	at org.apache.maven.surefire.booter.ForkedBooter.main(ForkedBooter.java:103)

06 jan 14:10:41,391  SCREENSHOT getScreenShot  file:////C:\SAFSP\SafEbba\screenshot\HasaOrsOrderTests\06_jan_2015_14_10_41_startHasaOrsOrder.pngC:\SAFSP\SafEbba\screenshot\HasaOrsOrderTests\06_jan_2015_14_10_41_startHasaOrsOrder.png
06 jan 14:10:42,423  
****************************************************************
**************TEST CASE, STARTHASAORSORDER FAILED**************
***********************************************************

06 jan 14:10:42,438  
##############################################################
##############################################################
################TEST CLASS HASAORSORDERTESTS ENDS###############
##############################################################
##############################################################

06 jan 14:25:18,194  
##############################################################
##############################################################
################TEST CLASS HASAORSORDERTESTS STARTS#################
##############################################################
##############################################################

06 jan 14:25:18,257  
****************************************************************
**************TEST CASE, startHasaOrsOrder, STARTS**************
06 jan 14:25:20,551  
--------------ERROR MESSGE:--------------
null
--------------STACK TRACE:--------------

06 jan 14:25:20,551  java.lang.NullPointerException
	at commonFuncMgn.ReadInputDataFromFile.<init>(ReadInputDataFromFile.java:43)
	at commonFuncMgn.OtherFunctionality.<init>(OtherFunctionality.java:17)
	at elementmanagement.FindElement.<init>(FindElement.java:32)
	at elementmanagement.TextElement.<init>(TextElement.java:12)
	at elementmanagement.ClickElement.<init>(ClickElement.java:15)
	at elementmanagement.SendKeysToElement.<init>(SendKeysToElement.java:10)
	at pageMgn.LogInPage.<init>(LogInPage.java:8)
	at pageMgn.InstantiatePages.initiatePageInstances(InstantiatePages.java:12)
	at sp.safsp.seleniumdrivermanagement.SiteDriverManager.initiateSiteDriverAndPageInstance(SiteDriverManager.java:39)
	at sp.safsp.testrulesmanagement.TestRuleTestCaseLevel$1.evaluate(TestRuleTestCaseLevel.java:44)
	at org.junit.rules.RunRules.evaluate(RunRules.java:20)
	at org.junit.runners.ParentRunner.runLeaf(ParentRunner.java:325)
	at org.junit.runners.BlockJUnit4ClassRunner.runChild(BlockJUnit4ClassRunner.java:76)
	at org.junit.runners.BlockJUnit4ClassRunner.runChild(BlockJUnit4ClassRunner.java:55)
	at org.junit.runners.ParentRunner$3.run(ParentRunner.java:290)
	at org.junit.runners.ParentRunner$1.schedule(ParentRunner.java:71)
	at org.junit.runners.ParentRunner.runChildren(ParentRunner.java:288)
	at org.junit.runners.ParentRunner.access$000(ParentRunner.java:58)
	at org.junit.runners.ParentRunner$2.evaluate(ParentRunner.java:268)
	at sp.safsp.testrulesmanagement.TestRuleTestClassLevel$1.evaluate(TestRuleTestClassLevel.java:31)
	at org.junit.rules.RunRules.evaluate(RunRules.java:20)
	at org.junit.runners.ParentRunner.run(ParentRunner.java:363)
	at org.apache.maven.surefire.junit4.JUnit4Provider.execute(JUnit4Provider.java:283)
	at org.apache.maven.surefire.junit4.JUnit4Provider.executeWithRerun(JUnit4Provider.java:173)
	at org.apache.maven.surefire.junit4.JUnit4Provider.executeTestSet(JUnit4Provider.java:153)
	at org.apache.maven.surefire.junit4.JUnit4Provider.invoke(JUnit4Provider.java:128)
	at org.apache.maven.surefire.booter.ForkedBooter.invokeProviderInSameClassLoader(ForkedBooter.java:203)
	at org.apache.maven.surefire.booter.ForkedBooter.runSuitesInProcess(ForkedBooter.java:155)
	at org.apache.maven.surefire.booter.ForkedBooter.main(ForkedBooter.java:103)

06 jan 14:25:20,864  SCREENSHOT getScreenShot  file:////C:\SAFSP\SafEbba\screenshot\HasaOrsOrderTests\06_jan_2015_14_25_20_startHasaOrsOrder.pngC:\SAFSP\SafEbba\screenshot\HasaOrsOrderTests\06_jan_2015_14_25_20_startHasaOrsOrder.png
06 jan 14:25:21,909  
****************************************************************
**************TEST CASE, STARTHASAORSORDER FAILED**************
***********************************************************

06 jan 14:25:21,909  
##############################################################
##############################################################
################TEST CLASS HASAORSORDERTESTS ENDS###############
##############################################################
##############################################################

06 jan 14:44:10,776  
##############################################################
##############################################################
################TEST CLASS HASAORSORDERTESTS STARTS#################
##############################################################
##############################################################

06 jan 14:44:10,854  
****************************************************************
**************TEST CASE, startHasaOrsOrder, STARTS**************
06 jan 14:44:13,241  
--------------ERROR MESSGE:--------------
null
--------------STACK TRACE:--------------

06 jan 14:44:13,241  java.lang.NullPointerException
	at commonFuncMgn.ReadInputDataFromFile.<init>(ReadInputDataFromFile.java:43)
	at commonFuncMgn.OtherFunctionality.<init>(OtherFunctionality.java:17)
	at elementmanagement.FindElement.<init>(FindElement.java:32)
	at elementmanagement.TextElement.<init>(TextElement.java:12)
	at elementmanagement.ClickElement.<init>(ClickElement.java:15)
	at elementmanagement.SendKeysToElement.<init>(SendKeysToElement.java:10)
	at pageMgn.LogInPage.<init>(LogInPage.java:8)
	at pageMgn.InstantiatePages.initiatePageInstances(InstantiatePages.java:12)
	at sp.safsp.seleniumdrivermanagement.SiteDriverManager.initiateSiteDriverAndPageInstance(SiteDriverManager.java:39)
	at sp.safsp.testrulesmanagement.TestRuleTestCaseLevel$1.evaluate(TestRuleTestCaseLevel.java:44)
	at org.junit.rules.RunRules.evaluate(RunRules.java:20)
	at org.junit.runners.ParentRunner.runLeaf(ParentRunner.java:325)
	at org.junit.runners.BlockJUnit4ClassRunner.runChild(BlockJUnit4ClassRunner.java:76)
	at org.junit.runners.BlockJUnit4ClassRunner.runChild(BlockJUnit4ClassRunner.java:55)
	at org.junit.runners.ParentRunner$3.run(ParentRunner.java:290)
	at org.junit.runners.ParentRunner$1.schedule(ParentRunner.java:71)
	at org.junit.runners.ParentRunner.runChildren(ParentRunner.java:288)
	at org.junit.runners.ParentRunner.access$000(ParentRunner.java:58)
	at org.junit.runners.ParentRunner$2.evaluate(ParentRunner.java:268)
	at sp.safsp.testrulesmanagement.TestRuleTestClassLevel$1.evaluate(TestRuleTestClassLevel.java:31)
	at org.junit.rules.RunRules.evaluate(RunRules.java:20)
	at org.junit.runners.ParentRunner.run(ParentRunner.java:363)
	at org.apache.maven.surefire.junit4.JUnit4Provider.execute(JUnit4Provider.java:283)
	at org.apache.maven.surefire.junit4.JUnit4Provider.executeWithRerun(JUnit4Provider.java:173)
	at org.apache.maven.surefire.junit4.JUnit4Provider.executeTestSet(JUnit4Provider.java:153)
	at org.apache.maven.surefire.junit4.JUnit4Provider.invoke(JUnit4Provider.java:128)
	at org.apache.maven.surefire.booter.ForkedBooter.invokeProviderInSameClassLoader(ForkedBooter.java:203)
	at org.apache.maven.surefire.booter.ForkedBooter.runSuitesInProcess(ForkedBooter.java:155)
	at org.apache.maven.surefire.booter.ForkedBooter.main(ForkedBooter.java:103)

06 jan 14:44:13,554  SCREENSHOT getScreenShot  file:////C:\SAFSP\SafEbba\screenshot\HasaOrsOrderTests\06_jan_2015_14_44_13_startHasaOrsOrder.pngC:\SAFSP\SafEbba\screenshot\HasaOrsOrderTests\06_jan_2015_14_44_13_startHasaOrsOrder.png
06 jan 14:44:14,600  
****************************************************************
**************TEST CASE, STARTHASAORSORDER FAILED**************
***********************************************************

06 jan 14:44:14,615  
##############################################################
##############################################################
################TEST CLASS HASAORSORDERTESTS ENDS###############
##############################################################
##############################################################

06 jan 14:44:35,724  
##############################################################
##############################################################
################TEST CLASS HASAORSORDERTESTS STARTS#################
##############################################################
##############################################################

06 jan 14:44:35,818  
****************************************************************
**************TEST CASE, startHasaOrsOrder, STARTS**************
06 jan 14:44:38,455  
--------------ERROR MESSGE:--------------
null
--------------STACK TRACE:--------------

06 jan 14:44:38,455  java.lang.NullPointerException
	at commonFuncMgn.ReadInputDataFromFile.<init>(ReadInputDataFromFile.java:43)
	at commonFuncMgn.OtherFunctionality.<init>(OtherFunctionality.java:17)
	at elementmanagement.FindElement.<init>(FindElement.java:32)
	at elementmanagement.TextElement.<init>(TextElement.java:12)
	at elementmanagement.ClickElement.<init>(ClickElement.java:15)
	at elementmanagement.SendKeysToElement.<init>(SendKeysToElement.java:10)
	at pageMgn.LogInPage.<init>(LogInPage.java:8)
	at windowAndPageMgn.pageMgn.InstantiatePages.initiatePageInstances(InstantiatePages.java:14)
	at sp.safsp.seleniumdrivermanagement.SiteDriverManager.initiateSiteDriverAndPageInstance(SiteDriverManager.java:39)
	at sp.safsp.testrulesmanagement.TestRuleTestCaseLevel$1.evaluate(TestRuleTestCaseLevel.java:44)
	at org.junit.rules.RunRules.evaluate(RunRules.java:20)
	at org.junit.runners.ParentRunner.runLeaf(ParentRunner.java:325)
	at org.junit.runners.BlockJUnit4ClassRunner.runChild(BlockJUnit4ClassRunner.java:76)
	at org.junit.runners.BlockJUnit4ClassRunner.runChild(BlockJUnit4ClassRunner.java:55)
	at org.junit.runners.ParentRunner$3.run(ParentRunner.java:290)
	at org.junit.runners.ParentRunner$1.schedule(ParentRunner.java:71)
	at org.junit.runners.ParentRunner.runChildren(ParentRunner.java:288)
	at org.junit.runners.ParentRunner.access$000(ParentRunner.java:58)
	at org.junit.runners.ParentRunner$2.evaluate(ParentRunner.java:268)
	at sp.safsp.testrulesmanagement.TestRuleTestClassLevel$1.evaluate(TestRuleTestClassLevel.java:31)
	at org.junit.rules.RunRules.evaluate(RunRules.java:20)
	at org.junit.runners.ParentRunner.run(ParentRunner.java:363)
	at org.apache.maven.surefire.junit4.JUnit4Provider.execute(JUnit4Provider.java:283)
	at org.apache.maven.surefire.junit4.JUnit4Provider.executeWithRerun(JUnit4Provider.java:173)
	at org.apache.maven.surefire.junit4.JUnit4Provider.executeTestSet(JUnit4Provider.java:153)
	at org.apache.maven.surefire.junit4.JUnit4Provider.invoke(JUnit4Provider.java:128)
	at org.apache.maven.surefire.booter.ForkedBooter.invokeProviderInSameClassLoader(ForkedBooter.java:203)
	at org.apache.maven.surefire.booter.ForkedBooter.runSuitesInProcess(ForkedBooter.java:155)
	at org.apache.maven.surefire.booter.ForkedBooter.main(ForkedBooter.java:103)

06 jan 14:44:38,800  SCREENSHOT getScreenShot  file:////C:\SAFSP\SafEbba\screenshot\HasaOrsOrderTests\06_jan_2015_14_44_38_startHasaOrsOrder.pngC:\SAFSP\SafEbba\screenshot\HasaOrsOrderTests\06_jan_2015_14_44_38_startHasaOrsOrder.png
06 jan 14:44:39,845  
****************************************************************
**************TEST CASE, STARTHASAORSORDER FAILED**************
***********************************************************

06 jan 14:44:39,860  
##############################################################
##############################################################
################TEST CLASS HASAORSORDERTESTS ENDS###############
##############################################################
##############################################################

06 jan 14:45:09,664  
##############################################################
##############################################################
################TEST CLASS HASAORSORDERTESTS STARTS#################
##############################################################
##############################################################

06 jan 14:45:09,758  
****************************************************************
**************TEST CASE, startHasaOrsOrder, STARTS**************
06 jan 14:45:12,146  
--------------ERROR MESSGE:--------------
null
--------------STACK TRACE:--------------

06 jan 14:45:12,146  java.lang.NullPointerException
	at commonFuncMgn.ReadInputDataFromFile.<init>(ReadInputDataFromFile.java:43)
	at commonFuncMgn.OtherFunctionality.<init>(OtherFunctionality.java:17)
	at elementmanagement.FindElement.<init>(FindElement.java:32)
	at elementmanagement.TextElement.<init>(TextElement.java:12)
	at elementmanagement.ClickElement.<init>(ClickElement.java:15)
	at elementmanagement.SendKeysToElement.<init>(SendKeysToElement.java:10)
	at windowAndPageMgn.pageMgn.LogInPage.<init>(LogInPage.java:8)
	at windowAndPageMgn.pageMgn.InstantiatePages.initiatePageInstances(InstantiatePages.java:12)
	at sp.safsp.seleniumdrivermanagement.SiteDriverManager.initiateSiteDriverAndPageInstance(SiteDriverManager.java:39)
	at sp.safsp.testrulesmanagement.TestRuleTestCaseLevel$1.evaluate(TestRuleTestCaseLevel.java:44)
	at org.junit.rules.RunRules.evaluate(RunRules.java:20)
	at org.junit.runners.ParentRunner.runLeaf(ParentRunner.java:325)
	at org.junit.runners.BlockJUnit4ClassRunner.runChild(BlockJUnit4ClassRunner.java:76)
	at org.junit.runners.BlockJUnit4ClassRunner.runChild(BlockJUnit4ClassRunner.java:55)
	at org.junit.runners.ParentRunner$3.run(ParentRunner.java:290)
	at org.junit.runners.ParentRunner$1.schedule(ParentRunner.java:71)
	at org.junit.runners.ParentRunner.runChildren(ParentRunner.java:288)
	at org.junit.runners.ParentRunner.access$000(ParentRunner.java:58)
	at org.junit.runners.ParentRunner$2.evaluate(ParentRunner.java:268)
	at sp.safsp.testrulesmanagement.TestRuleTestClassLevel$1.evaluate(TestRuleTestClassLevel.java:31)
	at org.junit.rules.RunRules.evaluate(RunRules.java:20)
	at org.junit.runners.ParentRunner.run(ParentRunner.java:363)
	at org.apache.maven.surefire.junit4.JUnit4Provider.execute(JUnit4Provider.java:283)
	at org.apache.maven.surefire.junit4.JUnit4Provider.executeWithRerun(JUnit4Provider.java:173)
	at org.apache.maven.surefire.junit4.JUnit4Provider.executeTestSet(JUnit4Provider.java:153)
	at org.apache.maven.surefire.junit4.JUnit4Provider.invoke(JUnit4Provider.java:128)
	at org.apache.maven.surefire.booter.ForkedBooter.invokeProviderInSameClassLoader(ForkedBooter.java:203)
	at org.apache.maven.surefire.booter.ForkedBooter.runSuitesInProcess(ForkedBooter.java:155)
	at org.apache.maven.surefire.booter.ForkedBooter.main(ForkedBooter.java:103)

06 jan 14:45:12,430  SCREENSHOT getScreenShot  file:////C:\SAFSP\SafEbba\screenshot\HasaOrsOrderTests\06_jan_2015_14_45_12_startHasaOrsOrder.pngC:\SAFSP\SafEbba\screenshot\HasaOrsOrderTests\06_jan_2015_14_45_12_startHasaOrsOrder.png
06 jan 14:45:13,491  
****************************************************************
**************TEST CASE, STARTHASAORSORDER FAILED**************
***********************************************************

06 jan 14:45:13,491  
##############################################################
##############################################################
################TEST CLASS HASAORSORDERTESTS ENDS###############
##############################################################
##############################################################

06 jan 14:45:47,947  
##############################################################
##############################################################
################TEST CLASS HASAORSORDERTESTS STARTS#################
##############################################################
##############################################################

06 jan 14:45:48,025  
****************************************************************
**************TEST CASE, startHasaOrsOrder, STARTS**************
06 jan 14:45:50,382  
--------------ERROR MESSGE:--------------
null
--------------STACK TRACE:--------------

06 jan 14:45:50,382  java.lang.NullPointerException
	at commonFuncMgn.ReadInputDataFromFile.<init>(ReadInputDataFromFile.java:43)
	at commonFuncMgn.OtherFunctionality.<init>(OtherFunctionality.java:17)
	at elementmanagement.FindElement.<init>(FindElement.java:32)
	at elementmanagement.TextElement.<init>(TextElement.java:12)
	at elementmanagement.ClickElement.<init>(ClickElement.java:15)
	at elementmanagement.SendKeysToElement.<init>(SendKeysToElement.java:10)
	at windowAndPageMgn.pageMgn.LogInPage.<init>(LogInPage.java:8)
	at windowAndPageMgn.pageMgn.InstantiatePages.initiatePageInstances(InstantiatePages.java:12)
	at sp.safsp.seleniumdrivermanagement.SiteDriverManager.initiateSiteDriverAndPageInstance(SiteDriverManager.java:39)
	at sp.safsp.testrulesmanagement.TestRuleTestCaseLevel$1.evaluate(TestRuleTestCaseLevel.java:44)
	at org.junit.rules.RunRules.evaluate(RunRules.java:20)
	at org.junit.runners.ParentRunner.runLeaf(ParentRunner.java:325)
	at org.junit.runners.BlockJUnit4ClassRunner.runChild(BlockJUnit4ClassRunner.java:76)
	at org.junit.runners.BlockJUnit4ClassRunner.runChild(BlockJUnit4ClassRunner.java:55)
	at org.junit.runners.ParentRunner$3.run(ParentRunner.java:290)
	at org.junit.runners.ParentRunner$1.schedule(ParentRunner.java:71)
	at org.junit.runners.ParentRunner.runChildren(ParentRunner.java:288)
	at org.junit.runners.ParentRunner.access$000(ParentRunner.java:58)
	at org.junit.runners.ParentRunner$2.evaluate(ParentRunner.java:268)
	at sp.safsp.testrulesmanagement.TestRuleTestClassLevel$1.evaluate(TestRuleTestClassLevel.java:31)
	at org.junit.rules.RunRules.evaluate(RunRules.java:20)
	at org.junit.runners.ParentRunner.run(ParentRunner.java:363)
	at org.apache.maven.surefire.junit4.JUnit4Provider.execute(JUnit4Provider.java:283)
	at org.apache.maven.surefire.junit4.JUnit4Provider.executeWithRerun(JUnit4Provider.java:173)
	at org.apache.maven.surefire.junit4.JUnit4Provider.executeTestSet(JUnit4Provider.java:153)
	at org.apache.maven.surefire.junit4.JUnit4Provider.invoke(JUnit4Provider.java:128)
	at org.apache.maven.surefire.booter.ForkedBooter.invokeProviderInSameClassLoader(ForkedBooter.java:203)
	at org.apache.maven.surefire.booter.ForkedBooter.runSuitesInProcess(ForkedBooter.java:155)
	at org.apache.maven.surefire.booter.ForkedBooter.main(ForkedBooter.java:103)

06 jan 14:45:50,746  SCREENSHOT getScreenShot  file:////C:\SAFSP\SafEbba\screenshot\HasaOrsOrderTests\06_jan_2015_14_45_50_startHasaOrsOrder.pngC:\SAFSP\SafEbba\screenshot\HasaOrsOrderTests\06_jan_2015_14_45_50_startHasaOrsOrder.png
06 jan 14:45:51,778  
****************************************************************
**************TEST CASE, STARTHASAORSORDER FAILED**************
***********************************************************

06 jan 14:45:51,778  
##############################################################
##############################################################
################TEST CLASS HASAORSORDERTESTS ENDS###############
##############################################################
##############################################################

06 jan 15:34:52,390  
##############################################################
##############################################################
################TEST CLASS HASAORSORDERTESTS STARTS#################
##############################################################
##############################################################

06 jan 15:34:52,468  
****************************************************************
**************TEST CASE, startHasaOrsOrder, STARTS**************
06 jan 15:34:54,872  
--------------ERROR MESSGE:--------------
null
--------------STACK TRACE:--------------

06 jan 15:34:54,872  java.lang.NullPointerException
	at commonFuncMgn.ReadInputDataFromFile.<init>(ReadInputDataFromFile.java:43)
	at commonFuncMgn.OtherFunctionality.<init>(OtherFunctionality.java:17)
	at elementmanagement.FindElement.<init>(FindElement.java:32)
	at elementmanagement.TextElement.<init>(TextElement.java:12)
	at elementmanagement.ClickElement.<init>(ClickElement.java:15)
	at elementmanagement.SendKeysToElement.<init>(SendKeysToElement.java:10)
	at windowAndPageMgn.pageMgn.LogInPage.<init>(LogInPage.java:8)
	at windowAndPageMgn.pageMgn.InstantiatePages.initiatePageInstances(InstantiatePages.java:12)
	at sp.safsp.seleniumdrivermanagement.SiteDriverManager.initiateSiteDriverAndPageInstance(SiteDriverManager.java:39)
	at sp.safsp.testrulesmanagement.TestRuleTestCaseLevel$1.evaluate(TestRuleTestCaseLevel.java:44)
	at org.junit.rules.RunRules.evaluate(RunRules.java:20)
	at org.junit.runners.ParentRunner.runLeaf(ParentRunner.java:325)
	at org.junit.runners.BlockJUnit4ClassRunner.runChild(BlockJUnit4ClassRunner.java:76)
	at org.junit.runners.BlockJUnit4ClassRunner.runChild(BlockJUnit4ClassRunner.java:55)
	at org.junit.runners.ParentRunner$3.run(ParentRunner.java:290)
	at org.junit.runners.ParentRunner$1.schedule(ParentRunner.java:71)
	at org.junit.runners.ParentRunner.runChildren(ParentRunner.java:288)
	at org.junit.runners.ParentRunner.access$000(ParentRunner.java:58)
	at org.junit.runners.ParentRunner$2.evaluate(ParentRunner.java:268)
	at sp.safsp.testrulesmanagement.TestRuleTestClassLevel$1.evaluate(TestRuleTestClassLevel.java:31)
	at org.junit.rules.RunRules.evaluate(RunRules.java:20)
	at org.junit.runners.ParentRunner.run(ParentRunner.java:363)
	at org.apache.maven.surefire.junit4.JUnit4Provider.execute(JUnit4Provider.java:283)
	at org.apache.maven.surefire.junit4.JUnit4Provider.executeWithRerun(JUnit4Provider.java:173)
	at org.apache.maven.surefire.junit4.JUnit4Provider.executeTestSet(JUnit4Provider.java:153)
	at org.apache.maven.surefire.junit4.JUnit4Provider.invoke(JUnit4Provider.java:128)
	at org.apache.maven.surefire.booter.ForkedBooter.invokeProviderInSameClassLoader(ForkedBooter.java:203)
	at org.apache.maven.surefire.booter.ForkedBooter.runSuitesInProcess(ForkedBooter.java:155)
	at org.apache.maven.surefire.booter.ForkedBooter.main(ForkedBooter.java:103)

06 jan 15:34:55,185  SCREENSHOT getScreenShot  file:////C:\SAFSP\SafEbba\screenshot\HasaOrsOrderTests\06_jan_2015_15_34_54_startHasaOrsOrder.pngC:\SAFSP\SafEbba\screenshot\HasaOrsOrderTests\06_jan_2015_15_34_54_startHasaOrsOrder.png
06 jan 15:34:56,219  
****************************************************************
**************TEST CASE, STARTHASAORSORDER FAILED**************
***********************************************************

06 jan 15:34:56,235  
##############################################################
##############################################################
################TEST CLASS HASAORSORDERTESTS ENDS###############
##############################################################
##############################################################

07 jan 06:41:12,001  
##############################################################
##############################################################
################TEST CLASS HASAORSORDERTESTS STARTS#################
##############################################################
##############################################################

07 jan 06:41:12,063  
****************************************************************
**************TEST CASE, startHasaOrsOrder, STARTS**************
07 jan 06:41:14,576  
--------------ERROR MESSGE:--------------
null
--------------STACK TRACE:--------------

07 jan 06:41:14,576  java.lang.NullPointerException
	at commonFuncMgn.ReadInputDataFromFile.<init>(ReadInputDataFromFile.java:43)
	at commonFuncMgn.OtherFunctionality.<init>(OtherFunctionality.java:17)
	at elementmanagement.FindWebDriverElement.<init>(FindWebDriverElement.java:32)
	at elementmanagement.TextElement.<init>(TextElement.java:12)
	at elementmanagement.ClickElement.<init>(ClickElement.java:15)
	at elementmanagement.SendKeysToElement.<init>(SendKeysToElement.java:10)
	at windowAndPageMgn.pageMgn.LogInPage.<init>(LogInPage.java:8)
	at windowAndPageMgn.pageMgn.InstantiatePages.initiatePageInstances(InstantiatePages.java:12)
	at sp.safsp.seleniumdrivermanagement.SiteDriverManager.initiateSiteDriverAndPageInstance(SiteDriverManager.java:39)
	at sp.safsp.testrulesmanagement.TestRuleTestCaseLevel$1.evaluate(TestRuleTestCaseLevel.java:44)
	at org.junit.rules.RunRules.evaluate(RunRules.java:20)
	at org.junit.runners.ParentRunner.runLeaf(ParentRunner.java:325)
	at org.junit.runners.BlockJUnit4ClassRunner.runChild(BlockJUnit4ClassRunner.java:76)
	at org.junit.runners.BlockJUnit4ClassRunner.runChild(BlockJUnit4ClassRunner.java:55)
	at org.junit.runners.ParentRunner$3.run(ParentRunner.java:290)
	at org.junit.runners.ParentRunner$1.schedule(ParentRunner.java:71)
	at org.junit.runners.ParentRunner.runChildren(ParentRunner.java:288)
	at org.junit.runners.ParentRunner.access$000(ParentRunner.java:58)
	at org.junit.runners.ParentRunner$2.evaluate(ParentRunner.java:268)
	at sp.safsp.testrulesmanagement.TestRuleTestClassLevel$1.evaluate(TestRuleTestClassLevel.java:31)
	at org.junit.rules.RunRules.evaluate(RunRules.java:20)
	at org.junit.runners.ParentRunner.run(ParentRunner.java:363)
	at org.apache.maven.surefire.junit4.JUnit4Provider.execute(JUnit4Provider.java:283)
	at org.apache.maven.surefire.junit4.JUnit4Provider.executeWithRerun(JUnit4Provider.java:173)
	at org.apache.maven.surefire.junit4.JUnit4Provider.executeTestSet(JUnit4Provider.java:153)
	at org.apache.maven.surefire.junit4.JUnit4Provider.invoke(JUnit4Provider.java:128)
	at org.apache.maven.surefire.booter.ForkedBooter.invokeProviderInSameClassLoader(ForkedBooter.java:203)
	at org.apache.maven.surefire.booter.ForkedBooter.runSuitesInProcess(ForkedBooter.java:155)
	at org.apache.maven.surefire.booter.ForkedBooter.main(ForkedBooter.java:103)

07 jan 06:41:14,904  SCREENSHOT getScreenShot  file:////C:\SAFSP\SafEbba\screenshot\HasaOrsOrderTests\07_jan_2015_06_41_14_startHasaOrsOrder.pngC:\SAFSP\SafEbba\screenshot\HasaOrsOrderTests\07_jan_2015_06_41_14_startHasaOrsOrder.png
07 jan 06:41:15,965  
****************************************************************
**************TEST CASE, STARTHASAORSORDER FAILED**************
***********************************************************

07 jan 06:41:15,981  
##############################################################
##############################################################
################TEST CLASS HASAORSORDERTESTS ENDS###############
##############################################################
##############################################################

